[35m[Appium][39m Welcome to Appium v1.8.1
[35m[Appium][39m Non-default server args:
[35m[Appium][39m   port: 2025
[35m[Appium][39m   loglevel: info
[35m[Appium][39m   chromeDriverPort: 2026
[35m[Appium][39m   tmpDir: C:\Users\mithu\AppData\Local\Temp\\Katalon\Appium\Temp1548231632380
[35m[Appium][39m Appium REST http interface listener started on 0.0.0.0:2025
[35m[HTTP][39m [37m-->[39m [37mGET[39m [37m/wd/hub/status[39m
[35m[HTTP][39m [90m{}[39m
[35m[HTTP][39m [37m<-- GET /wd/hub/status [39m[32m200[39m [90m171 ms - 83[39m
[35m[HTTP][39m [90m[39m
[35m[HTTP][39m [37m-->[39m [37mGET[39m [37m/wd/hub/status[39m
[35m[HTTP][39m [90m{}[39m
[35m[HTTP][39m [37m<-- GET /wd/hub/status [39m[32m200[39m [90m90 ms - 83[39m
[35m[HTTP][39m [90m[39m
[35m[HTTP][39m [37m-->[39m [37mPOST[39m [37m/wd/hub/session[39m
[35m[HTTP][39m [90m{"desiredCapabilities":{"app":"C:\\Users\\mithu\\Desktop\\firefox-64-0-2.apk","autoGrantPermissions":true,"automationName":"uiautomator2","deviceName":"OnePlus ONEPLUS A6010 (Android 9)","fullReset":false,"newCommandTimeout":1800,"noReset":true,"platform":"ANDROID","platformName":"Android","udid":"9feb187c"},"capabilities":{"desiredCapabilities":{"app":"C:\\Users\\mithu\\Desktop\\firefox-64-0-2.apk","autoGrantPermissions":true,"automationName":"uiautomator2","deviceName":"OnePlus ONEPLUS A6010 (Android 9)","fullReset":false,"newCommandTimeout":1800,"noReset":true,"platform":"ANDROID","platformName":"Android","udid":"9feb187c"},"firstMatch":[{"platformName":"android"}]}}[39m
[35m[Appium][39m Could not parse W3C capabilities: 'deviceName' can't be blank. Falling back to JSONWP protocol.
[35m[Appium][39m The following capabilities were provided in the JSONWP desired capabilities that are missing in W3C capabilities: ["app","autoGrantPermissions","automationName","deviceName","fullReset","newCommandTimeout","noReset","platform","platformName","udid"]. Falling back to JSONWP protocol.
[35m[Appium][39m Creating new AndroidUiautomator2Driver (v1.12.0) session
[35m[Appium][39m Capabilities:
[35m[Appium][39m   app: C:\Users\mithu\Desktop\firefox-64-0-2.apk
[35m[Appium][39m   autoGrantPermissions: true
[35m[Appium][39m   automationName: uiautomator2
[35m[Appium][39m   deviceName: OnePlus ONEPLUS A6010 (Android 9)
[35m[Appium][39m   fullReset: false
[35m[Appium][39m   newCommandTimeout: 1800
[35m[Appium][39m   noReset: true
[35m[Appium][39m   platform: ANDROID
[35m[Appium][39m   platformName: Android
[35m[Appium][39m   udid: 9feb187c
[35m[BaseDriver][39m The following capabilities were provided, but are not recognized by appium: platform.
[35m[BaseDriver][39m Session created with session id: d1713bbe-b1b1-43a7-9222-34838c9ad315
[35m[BaseDriver][39m Using local app 'C:\Users\mithu\Desktop\firefox-64-0-2.apk'
[35m[AndroidDriver][39m Java version is: 1.8.0_181
[35m[ADB][39m Checking whether adb is present
[35m[ADB][39m Found 1 'build-tools' folders under 'C:\Users\mithu\.katalon\tools\android_sdk' (newest first):
[35m[ADB][39m     C:/Users/mithu/.katalon/tools/android_sdk/build-tools/28.0.3
[35m[ADB][39m Using adb.exe from C:\Users\mithu\.katalon\tools\android_sdk\platform-tools\adb.exe
[35m[AndroidDriver][39m Retrieving device list
[35m[AndroidDriver][39m Using device: 9feb187c
[35m[ADB][39m Using the alternative activity name detection method because of: Could not find apkanalyzer.bat in C:\Users\mithu\.katalon\tools\android_sdk\platform-tools\apkanalyzer.bat,C:\Users\mithu\.katalon\tools\android_sdk\emulator\apkanalyzer.bat,C:\Users\mithu\.katalon\tools\android_sdk\tools\apkanalyzer.bat,C:\Users\mithu\.katalon\tools\android_sdk\tools\bin\apkanalyzer.bat,C:\Users\mithu\.katalon\tools\android_sdk\build-tools\28.0.3\apkanalyzer.bat. Do you have the Android SDK installed at 'C:\Users\mithu\.katalon\tools\android_sdk'?
[35m[ADB][39m Checking whether aapt is present
[35m[ADB][39m Using aapt.exe from C:\Users\mithu\.katalon\tools\android_sdk\build-tools\28.0.3\aapt.exe
[35m[ADB][39m Extracting package and launch activity from manifest
[35m[UiAutomator2][39m Unable to remove port forward 'Error executing adbExec. Original error: 'Command 'C\:\\Users\\mithu\\.katalon\\tools\\android_sdk\\platform-tools\\adb.exe -P 5037 -s 9feb187c forward --remove tcp\:8200' exited with code 1'; Stderr: 'error: listener 'tcp:8200' not found'; Code: '1''
