[35m[Appium][39m Welcome to Appium v1.8.1
[35m[Appium][39m Non-default server args:
[35m[Appium][39m   port: 1554
[35m[Appium][39m   loglevel: info
[35m[Appium][39m   chromeDriverPort: 1559
[35m[Appium][39m   tmpDir: C:\Users\Asus\AppData\Local\Temp\\Katalon\Appium\Temp1548338330533
[35m[Appium][39m Appium REST http interface listener started on 0.0.0.0:1554
[35m[HTTP][39m [37m-->[39m [37mGET[39m [37m/wd/hub/status[39m
[35m[HTTP][39m [90m{}[39m
[35m[HTTP][39m [37m<-- GET /wd/hub/status [39m[32m200[39m [90m50 ms - 83[39m
[35m[HTTP][39m [90m[39m
[35m[HTTP][39m [37m-->[39m [37mPOST[39m [37m/wd/hub/session[39m
[35m[HTTP][39m [90m{"desiredCapabilities":{"browserName":"Chrome","deviceName":"OnePlus ONEPLUS A6010 (Android 9)","newCommandTimeout":1800,"platform":"ANDROID","platformName":"Android","udid":"9feb187c"},"capabilities":{"desiredCapabilities":{"browserName":"Chrome","deviceName":"OnePlus ONEPLUS A6010 (Android 9)","newCommandTimeout":1800,"platform":"ANDROID","platformName":"Android","udid":"9feb187c"},"firstMatch":[{"browserName":"Chrome","platformName":"android"}]}}[39m
[35m[Appium][39m Could not parse W3C capabilities: 'deviceName' can't be blank. Falling back to JSONWP protocol.
[35m[Appium][39m The following capabilities were provided in the JSONWP desired capabilities that are missing in W3C capabilities: ["browserName","deviceName","newCommandTimeout","platform","platformName","udid"]. Falling back to JSONWP protocol.
[35m[Appium][39m Creating new AndroidDriver (v2.7.0) session
[35m[Appium][39m Capabilities:
[35m[Appium][39m   browserName: Chrome
[35m[Appium][39m   deviceName: OnePlus ONEPLUS A6010 (Android 9)
[35m[Appium][39m   newCommandTimeout: 1800
[35m[Appium][39m   platform: ANDROID
[35m[Appium][39m   platformName: Android
[35m[Appium][39m   udid: 9feb187c
[35m[BaseDriver][39m The following capabilities were provided, but are not recognized by appium: platform.
[35m[BaseDriver][39m Session created with session id: 7b062854-1d1b-4cb7-8a00-374d906baa4c
[35m[AndroidDriver][39m Java version is: 1.8.0_181
[35m[AndroidDriver][39m We're going to run a Chrome-based session
[35m[AndroidDriver][39m Chrome-type package and activity are com.android.chrome and com.google.android.apps.chrome.Main
[35m[ADB][39m Checking whether adb is present
[35m[ADB][39m Found 1 'build-tools' folders under 'C:\Users\Asus\.katalon\tools\android_sdk' (newest first):
[35m[ADB][39m     C:/Users/Asus/.katalon/tools/android_sdk/build-tools/28.0.3
[35m[ADB][39m Using adb.exe from C:\Users\Asus\.katalon\tools\android_sdk\platform-tools\adb.exe
[35m[AndroidDriver][39m Retrieving device list
[35m[AndroidDriver][39m Using device: 9feb187c
[35m[AndroidDriver][39m App file was not listed, instead we're going to run com.android.chrome directly on the device
[35m[AndroidDriver][39m Starting Android session
[35m[ADB][39m Checking whether aapt is present
[35m[ADB][39m Using aapt.exe from C:\Users\Asus\.katalon\tools\android_sdk\build-tools\28.0.3\aapt.exe
[35m[AndroidDriver][39m setDeviceLanguageCountry requires language or country.
[35m[AndroidDriver][39m Got language: 'null' and country: 'null'
[35m[ADB][39m Getting device platform version
[35m[AndroidDriver][39m No app sent in, not parsing package/activity
[35m[ADB][39m No uiautomator process found to kill, continuing...
[35m[AndroidBootstrap][39m Android bootstrap socket is now connected
[35m[AndroidDriver][39m Screen already unlocked, doing nothing
[35m[AndroidDriver][39m Starting a chrome-based browser session
[35m[Chromedriver][39m Set chromedriver binary as: C:/Users/Asus/AppData/Roaming/npm/node_modules/appium/node_modules/appium-chromedriver/chromedriver/win/chromedriver.exe
[35m[Chromedriver][39m No old chromedrivers seemed to exist
[35m[Chromedriver][39m Spawning chromedriver with: C:/Users/Asus/AppData/Roaming/npm/node_modules/appium/node_modules/appium-chromedriver/chromedriver/win/chromedriver.exe --url-base=wd/hub --port=1559 --adb-port=5037 --verbose
[35m[Appium][39m New AndroidDriver session created successfully, session 7b062854-1d1b-4cb7-8a00-374d906baa4c added to master session list
[35m[HTTP][39m [37m<-- POST /wd/hub/session [39m[32m200[39m [90m6429 ms - 695[39m
[35m[HTTP][39m [90m[39m
[35m[HTTP][39m [37m-->[39m [37mGET[39m [37m/wd/hub/status[39m
[35m[HTTP][39m [90m{}[39m
[35m[HTTP][39m [37m<-- GET /wd/hub/status [39m[32m200[39m [90m47 ms - 55[39m
[35m[HTTP][39m [90m[39m
[35m[HTTP][39m [37m-->[39m [37mPOST[39m [37m/wd/hub/session/7b062854-1d1b-4cb7-8a00-374d906baa4c/timeouts[39m
[35m[HTTP][39m [90m{"type":"implicit","ms":30000}[39m
[35m[W3C][39m Driver proxy active, passing request on via HTTP proxy
[35m[JSONWP Proxy][39m Replacing sessionId b7f9326b8b2aff8253dd2b9a6a6a530c with 7b062854-1d1b-4cb7-8a00-374d906baa4c
[35m[HTTP][39m [37m<-- POST /wd/hub/session/7b062854-1d1b-4cb7-8a00-374d906baa4c/timeouts [39m[32m200[39m [90m12 ms - 76[39m
[35m[HTTP][39m [90m[39m
[35m[HTTP][39m [37m-->[39m [37mPOST[39m [37m/wd/hub/session/7b062854-1d1b-4cb7-8a00-374d906baa4c/timeouts[39m
[35m[HTTP][39m [90m{"type":"implicit","ms":0}[39m
[35m[W3C][39m Driver proxy active, passing request on via HTTP proxy
[35m[JSONWP Proxy][39m Replacing sessionId b7f9326b8b2aff8253dd2b9a6a6a530c with 7b062854-1d1b-4cb7-8a00-374d906baa4c
[35m[HTTP][39m [37m<-- POST /wd/hub/session/7b062854-1d1b-4cb7-8a00-374d906baa4c/timeouts [39m[32m200[39m [90m3 ms - 76[39m
[35m[HTTP][39m [90m[39m
[35m[HTTP][39m [37m-->[39m [37mPOST[39m [37m/wd/hub/session/7b062854-1d1b-4cb7-8a00-374d906baa4c/execute[39m
[35m[HTTP][39m [90m{"script":"return navigator.sayswho= (function() { var ua= navigator.userAgent, tem, M= ua.match(/(opera|chrome|safari|firefox|msie|trident)\\/?\\s*(\\.?\\d+(\\.\\d+)*)/i) || []; if (/trident/i.test(M[1])) {     tem=  /\\brv[ :]+(\\d+)/g.exec(ua) || [];     return 'IE '+(tem[1] || ''); } if(M[1]=== 'Chrome') {     tem= ua.match(/\\b(OPR|Edge)\\/(\\d+)/);     if(tem!= null) return tem.slice(1).join(' ').replace('OPR', 'Opera'); } M= M[2]? [M[1], M[2]]: [navigator.appName, navigator.appVersion, '-?']; if((tem= ua.match(/version\\/(\\d+)/i))!= null) M.splice(1, 1, tem[1]); return M.join(' ').replace('MSIE', 'IE');})();","args":[]}[39m
[35m[W3C][39m Driver proxy active, passing request on via HTTP proxy
[35m[JSONWP Proxy][39m Replacing sessionId b7f9326b8b2aff8253dd2b9a6a6a530c with 7b062854-1d1b-4cb7-8a00-374d906baa4c
[35m[HTTP][39m [37m<-- POST /wd/hub/session/7b062854-1d1b-4cb7-8a00-374d906baa4c/execute [39m[32m200[39m [90m87 ms - 93[39m
[35m[HTTP][39m [90m[39m
[35m[HTTP][39m [37m-->[39m [37mPOST[39m [37m/wd/hub/session/7b062854-1d1b-4cb7-8a00-374d906baa4c/url[39m
[35m[HTTP][39m [90m{"url":"https://www.msccruises.co.uk/en-gb/Homepage.aspx"}[39m
[35m[W3C][39m Driver proxy active, passing request on via HTTP proxy
[35m[JSONWP Proxy][39m Replacing sessionId b7f9326b8b2aff8253dd2b9a6a6a530c with 7b062854-1d1b-4cb7-8a00-374d906baa4c
[35m[HTTP][39m [37m<-- POST /wd/hub/session/7b062854-1d1b-4cb7-8a00-374d906baa4c/url [39m[32m200[39m [90m4076 ms - 76[39m
[35m[HTTP][39m [90m[39m
[35m[HTTP][39m [37m-->[39m [37mPOST[39m [37m/wd/hub/session/7b062854-1d1b-4cb7-8a00-374d906baa4c/elements[39m
[35m[HTTP][39m [90m{"using":"xpath","value":"//section/div[2]/div/div[1]/div/span[text() = 'Passengers']"}[39m
[35m[W3C][39m Driver proxy active, passing request on via HTTP proxy
[35m[JSONWP Proxy][39m Replacing sessionId b7f9326b8b2aff8253dd2b9a6a6a530c with 7b062854-1d1b-4cb7-8a00-374d906baa4c
[35m[HTTP][39m [37m<-- POST /wd/hub/session/7b062854-1d1b-4cb7-8a00-374d906baa4c/elements [39m[32m200[39m [90m48 ms - 109[39m
[35m[HTTP][39m [90m[39m
[35m[HTTP][39m [37m-->[39m [37mGET[39m [37m/wd/hub/session/7b062854-1d1b-4cb7-8a00-374d906baa4c[39m
[35m[HTTP][39m [90m{}[39m
[35m[W3C][39m Driver proxy active, passing request on via HTTP proxy
[35m[JSONWP Proxy][39m Replacing sessionId b7f9326b8b2aff8253dd2b9a6a6a530c with 7b062854-1d1b-4cb7-8a00-374d906baa4c
[35m[HTTP][39m [37m<-- GET /wd/hub/session/7b062854-1d1b-4cb7-8a00-374d906baa4c [39m[32m200[39m [90m3 ms - 719[39m
[35m[HTTP][39m [90m[39m
[35m[HTTP][39m [37m-->[39m [37mGET[39m [37m/wd/hub/session/7b062854-1d1b-4cb7-8a00-374d906baa4c[39m
[35m[HTTP][39m [90m{}[39m
[35m[W3C][39m Driver proxy active, passing request on via HTTP proxy
[35m[JSONWP Proxy][39m Replacing sessionId b7f9326b8b2aff8253dd2b9a6a6a530c with 7b062854-1d1b-4cb7-8a00-374d906baa4c
[35m[HTTP][39m [37m<-- GET /wd/hub/session/7b062854-1d1b-4cb7-8a00-374d906baa4c [39m[32m200[39m [90m3 ms - 719[39m
[35m[HTTP][39m [90m[39m
[35m[HTTP][39m [37m-->[39m [37mGET[39m [37m/wd/hub/session/7b062854-1d1b-4cb7-8a00-374d906baa4c[39m
[35m[HTTP][39m [90m{}[39m
[35m[W3C][39m Driver proxy active, passing request on via HTTP proxy
[35m[JSONWP Proxy][39m Replacing sessionId b7f9326b8b2aff8253dd2b9a6a6a530c with 7b062854-1d1b-4cb7-8a00-374d906baa4c
[35m[HTTP][39m [37m<-- GET /wd/hub/session/7b062854-1d1b-4cb7-8a00-374d906baa4c [39m[32m200[39m [90m3 ms - 719[39m
[35m[HTTP][39m [90m[39m
[35m[HTTP][39m [37m-->[39m [37mGET[39m [37m/wd/hub/session/7b062854-1d1b-4cb7-8a00-374d906baa4c[39m
[35m[HTTP][39m [90m{}[39m
[35m[W3C][39m Driver proxy active, passing request on via HTTP proxy
[35m[JSONWP Proxy][39m Replacing sessionId b7f9326b8b2aff8253dd2b9a6a6a530c with 7b062854-1d1b-4cb7-8a00-374d906baa4c
[35m[HTTP][39m [37m<-- GET /wd/hub/session/7b062854-1d1b-4cb7-8a00-374d906baa4c [39m[32m200[39m [90m3 ms - 719[39m
[35m[HTTP][39m [90m[39m
[35m[HTTP][39m [37m-->[39m [37mGET[39m [37m/wd/hub/session/7b062854-1d1b-4cb7-8a00-374d906baa4c[39m
[35m[HTTP][39m [90m{}[39m
[35m[W3C][39m Driver proxy active, passing request on via HTTP proxy
[35m[JSONWP Proxy][39m Replacing sessionId b7f9326b8b2aff8253dd2b9a6a6a530c with 7b062854-1d1b-4cb7-8a00-374d906baa4c
[35m[HTTP][39m [37m<-- GET /wd/hub/session/7b062854-1d1b-4cb7-8a00-374d906baa4c [39m[32m200[39m [90m3 ms - 719[39m
[35m[HTTP][39m [90m[39m
[35m[HTTP][39m [37m-->[39m [37mGET[39m [37m/wd/hub/session/7b062854-1d1b-4cb7-8a00-374d906baa4c[39m
[35m[HTTP][39m [90m{}[39m
[35m[W3C][39m Driver proxy active, passing request on via HTTP proxy
[35m[JSONWP Proxy][39m Replacing sessionId b7f9326b8b2aff8253dd2b9a6a6a530c with 7b062854-1d1b-4cb7-8a00-374d906baa4c
[35m[HTTP][39m [37m<-- GET /wd/hub/session/7b062854-1d1b-4cb7-8a00-374d906baa4c [39m[32m200[39m [90m3 ms - 719[39m
[35m[HTTP][39m [90m[39m
[35m[HTTP][39m [37m-->[39m [37mPOST[39m [37m/wd/hub/session/7b062854-1d1b-4cb7-8a00-374d906baa4c/element/0.34709053160534076-1/click[39m
[35m[HTTP][39m [90m{"id":"0.34709053160534076-1"}[39m
[35m[W3C][39m Driver proxy active, passing request on via HTTP proxy
[35m[JSONWP Proxy][39m Replacing sessionId b7f9326b8b2aff8253dd2b9a6a6a530c with 7b062854-1d1b-4cb7-8a00-374d906baa4c
[35m[HTTP][39m [37m<-- POST /wd/hub/session/7b062854-1d1b-4cb7-8a00-374d906baa4c/element/0.34709053160534076-1/click [39m[32m200[39m [90m162 ms - 76[39m
[35m[HTTP][39m [90m[39m
[35m[HTTP][39m [37m-->[39m [37mPOST[39m [37m/wd/hub/session/7b062854-1d1b-4cb7-8a00-374d906baa4c/element[39m
[35m[HTTP][39m [90m{"using":"tag name","value":"body"}[39m
[35m[W3C][39m Driver proxy active, passing request on via HTTP proxy
[35m[JSONWP Proxy][39m Replacing sessionId b7f9326b8b2aff8253dd2b9a6a6a530c with 7b062854-1d1b-4cb7-8a00-374d906baa4c
[35m[HTTP][39m [37m<-- POST /wd/hub/session/7b062854-1d1b-4cb7-8a00-374d906baa4c/element [39m[32m200[39m [90m74 ms - 107[39m
[35m[HTTP][39m [90m[39m
[35m[HTTP][39m [37m-->[39m [37mGET[39m [37m/wd/hub/session/7b062854-1d1b-4cb7-8a00-374d906baa4c[39m
[35m[HTTP][39m [90m{}[39m
[35m[W3C][39m Driver proxy active, passing request on via HTTP proxy
[35m[JSONWP Proxy][39m Replacing sessionId b7f9326b8b2aff8253dd2b9a6a6a530c with 7b062854-1d1b-4cb7-8a00-374d906baa4c
[35m[HTTP][39m [37m<-- GET /wd/hub/session/7b062854-1d1b-4cb7-8a00-374d906baa4c [39m[32m200[39m [90m4 ms - 719[39m
[35m[HTTP][39m [90m[39m
[35m[HTTP][39m [37m-->[39m [37mGET[39m [37m/wd/hub/session/7b062854-1d1b-4cb7-8a00-374d906baa4c[39m
[35m[HTTP][39m [90m{}[39m
[35m[W3C][39m Driver proxy active, passing request on via HTTP proxy
[35m[JSONWP Proxy][39m Replacing sessionId b7f9326b8b2aff8253dd2b9a6a6a530c with 7b062854-1d1b-4cb7-8a00-374d906baa4c
[35m[HTTP][39m [37m<-- GET /wd/hub/session/7b062854-1d1b-4cb7-8a00-374d906baa4c [39m[32m200[39m [90m6 ms - 719[39m
[35m[HTTP][39m [90m[39m
[35m[HTTP][39m [37m-->[39m [37mGET[39m [37m/wd/hub/session/7b062854-1d1b-4cb7-8a00-374d906baa4c[39m
[35m[HTTP][39m [90m{}[39m
[35m[W3C][39m Driver proxy active, passing request on via HTTP proxy
[35m[JSONWP Proxy][39m Replacing sessionId b7f9326b8b2aff8253dd2b9a6a6a530c with 7b062854-1d1b-4cb7-8a00-374d906baa4c
[35m[HTTP][39m [37m<-- GET /wd/hub/session/7b062854-1d1b-4cb7-8a00-374d906baa4c [39m[32m200[39m [90m5 ms - 719[39m
[35m[HTTP][39m [90m[39m
[35m[HTTP][39m [37m-->[39m [37mGET[39m [37m/wd/hub/session/7b062854-1d1b-4cb7-8a00-374d906baa4c[39m
[35m[HTTP][39m [90m{}[39m
[35m[W3C][39m Driver proxy active, passing request on via HTTP proxy
[35m[JSONWP Proxy][39m Replacing sessionId b7f9326b8b2aff8253dd2b9a6a6a530c with 7b062854-1d1b-4cb7-8a00-374d906baa4c
[35m[HTTP][39m [37m<-- GET /wd/hub/session/7b062854-1d1b-4cb7-8a00-374d906baa4c [39m[32m200[39m [90m4 ms - 719[39m
[35m[HTTP][39m [90m[39m
[35m[HTTP][39m [37m-->[39m [37mGET[39m [37m/wd/hub/session/7b062854-1d1b-4cb7-8a00-374d906baa4c[39m
[35m[HTTP][39m [90m{}[39m
[35m[W3C][39m Driver proxy active, passing request on via HTTP proxy
[35m[JSONWP Proxy][39m Replacing sessionId b7f9326b8b2aff8253dd2b9a6a6a530c with 7b062854-1d1b-4cb7-8a00-374d906baa4c
[35m[HTTP][39m [37m<-- GET /wd/hub/session/7b062854-1d1b-4cb7-8a00-374d906baa4c [39m[32m200[39m [90m5 ms - 719[39m
[35m[HTTP][39m [90m[39m
[35m[HTTP][39m [37m-->[39m [37mGET[39m [37m/wd/hub/session/7b062854-1d1b-4cb7-8a00-374d906baa4c[39m
[35m[HTTP][39m [90m{}[39m
[35m[W3C][39m Driver proxy active, passing request on via HTTP proxy
[35m[JSONWP Proxy][39m Replacing sessionId b7f9326b8b2aff8253dd2b9a6a6a530c with 7b062854-1d1b-4cb7-8a00-374d906baa4c
[35m[HTTP][39m [37m<-- GET /wd/hub/session/7b062854-1d1b-4cb7-8a00-374d906baa4c [39m[32m200[39m [90m4 ms - 719[39m
[35m[HTTP][39m [90m[39m
[35m[HTTP][39m [37m-->[39m [37mGET[39m [37m/wd/hub/session/7b062854-1d1b-4cb7-8a00-374d906baa4c/element/0.34709053160534076-2/text[39m
[35m[HTTP][39m [90m{}[39m
[35m[W3C][39m Driver proxy active, passing request on via HTTP proxy
[35m[JSONWP Proxy][39m Replacing sessionId b7f9326b8b2aff8253dd2b9a6a6a530c with 7b062854-1d1b-4cb7-8a00-374d906baa4c
[35m[HTTP][39m [37m<-- GET /wd/hub/session/7b062854-1d1b-4cb7-8a00-374d906baa4c/element/0.34709053160534076-2/text [39m[32m200[39m [90m1191 ms - 652[39m
[35m[HTTP][39m [90m[39m
[35m[HTTP][39m [37m-->[39m [37mPOST[39m [37m/wd/hub/session/7b062854-1d1b-4cb7-8a00-374d906baa4c/elements[39m
[35m[HTTP][39m [90m{"using":"xpath","value":"//span/div[1]/div/div/div[1]/button[2]"}[39m
[35m[W3C][39m Driver proxy active, passing request on via HTTP proxy
[35m[JSONWP Proxy][39m Replacing sessionId b7f9326b8b2aff8253dd2b9a6a6a530c with 7b062854-1d1b-4cb7-8a00-374d906baa4c
[35m[HTTP][39m [37m<-- POST /wd/hub/session/7b062854-1d1b-4cb7-8a00-374d906baa4c/elements [39m[32m200[39m [90m48 ms - 109[39m
[35m[HTTP][39m [90m[39m
[35m[HTTP][39m [37m-->[39m [37mGET[39m [37m/wd/hub/session/7b062854-1d1b-4cb7-8a00-374d906baa4c[39m
[35m[HTTP][39m [90m{}[39m
[35m[W3C][39m Driver proxy active, passing request on via HTTP proxy
[35m[JSONWP Proxy][39m Replacing sessionId b7f9326b8b2aff8253dd2b9a6a6a530c with 7b062854-1d1b-4cb7-8a00-374d906baa4c
[35m[HTTP][39m [37m<-- GET /wd/hub/session/7b062854-1d1b-4cb7-8a00-374d906baa4c [39m[32m200[39m [90m5 ms - 719[39m
[35m[HTTP][39m [90m[39m
[35m[HTTP][39m [37m-->[39m [37mGET[39m [37m/wd/hub/session/7b062854-1d1b-4cb7-8a00-374d906baa4c[39m
[35m[HTTP][39m [90m{}[39m
[35m[W3C][39m Driver proxy active, passing request on via HTTP proxy
[35m[JSONWP Proxy][39m Replacing sessionId b7f9326b8b2aff8253dd2b9a6a6a530c with 7b062854-1d1b-4cb7-8a00-374d906baa4c
[35m[HTTP][39m [37m<-- GET /wd/hub/session/7b062854-1d1b-4cb7-8a00-374d906baa4c [39m[32m200[39m [90m4 ms - 719[39m
[35m[HTTP][39m [90m[39m
[35m[HTTP][39m [37m-->[39m [37mGET[39m [37m/wd/hub/session/7b062854-1d1b-4cb7-8a00-374d906baa4c[39m
[35m[HTTP][39m [90m{}[39m
[35m[W3C][39m Driver proxy active, passing request on via HTTP proxy
[35m[JSONWP Proxy][39m Replacing sessionId b7f9326b8b2aff8253dd2b9a6a6a530c with 7b062854-1d1b-4cb7-8a00-374d906baa4c
[35m[HTTP][39m [37m<-- GET /wd/hub/session/7b062854-1d1b-4cb7-8a00-374d906baa4c [39m[32m200[39m [90m4 ms - 719[39m
[35m[HTTP][39m [90m[39m
[35m[HTTP][39m [37m-->[39m [37mGET[39m [37m/wd/hub/session/7b062854-1d1b-4cb7-8a00-374d906baa4c[39m
[35m[HTTP][39m [90m{}[39m
[35m[W3C][39m Driver proxy active, passing request on via HTTP proxy
[35m[JSONWP Proxy][39m Replacing sessionId b7f9326b8b2aff8253dd2b9a6a6a530c with 7b062854-1d1b-4cb7-8a00-374d906baa4c
[35m[HTTP][39m [37m<-- GET /wd/hub/session/7b062854-1d1b-4cb7-8a00-374d906baa4c [39m[32m200[39m [90m3 ms - 719[39m
[35m[HTTP][39m [90m[39m
[35m[HTTP][39m [37m-->[39m [37mGET[39m [37m/wd/hub/session/7b062854-1d1b-4cb7-8a00-374d906baa4c[39m
[35m[HTTP][39m [90m{}[39m
[35m[W3C][39m Driver proxy active, passing request on via HTTP proxy
[35m[JSONWP Proxy][39m Replacing sessionId b7f9326b8b2aff8253dd2b9a6a6a530c with 7b062854-1d1b-4cb7-8a00-374d906baa4c
[35m[HTTP][39m [37m<-- GET /wd/hub/session/7b062854-1d1b-4cb7-8a00-374d906baa4c [39m[32m200[39m [90m3 ms - 719[39m
[35m[HTTP][39m [90m[39m
[35m[HTTP][39m [37m-->[39m [37mGET[39m [37m/wd/hub/session/7b062854-1d1b-4cb7-8a00-374d906baa4c[39m
[35m[HTTP][39m [90m{}[39m
[35m[W3C][39m Driver proxy active, passing request on via HTTP proxy
[35m[JSONWP Proxy][39m Replacing sessionId b7f9326b8b2aff8253dd2b9a6a6a530c with 7b062854-1d1b-4cb7-8a00-374d906baa4c
[35m[HTTP][39m [37m<-- GET /wd/hub/session/7b062854-1d1b-4cb7-8a00-374d906baa4c [39m[32m200[39m [90m3 ms - 719[39m
[35m[HTTP][39m [90m[39m
[35m[HTTP][39m [37m-->[39m [37mPOST[39m [37m/wd/hub/session/7b062854-1d1b-4cb7-8a00-374d906baa4c/element/0.34709053160534076-3/click[39m
[35m[HTTP][39m [90m{"id":"0.34709053160534076-3"}[39m
[35m[W3C][39m Driver proxy active, passing request on via HTTP proxy
[35m[JSONWP Proxy][39m Replacing sessionId b7f9326b8b2aff8253dd2b9a6a6a530c with 7b062854-1d1b-4cb7-8a00-374d906baa4c
[35m[HTTP][39m [37m<-- POST /wd/hub/session/7b062854-1d1b-4cb7-8a00-374d906baa4c/element/0.34709053160534076-3/click [39m[32m200[39m [90m234 ms - 76[39m
[35m[HTTP][39m [90m[39m
[35m[HTTP][39m [37m-->[39m [37mPOST[39m [37m/wd/hub/session/7b062854-1d1b-4cb7-8a00-374d906baa4c/elements[39m
[35m[HTTP][39m [90m{"using":"xpath","value":"//span/div[1]/div/div/div[1]/button[2]"}[39m
[35m[W3C][39m Driver proxy active, passing request on via HTTP proxy
[35m[JSONWP Proxy][39m Replacing sessionId b7f9326b8b2aff8253dd2b9a6a6a530c with 7b062854-1d1b-4cb7-8a00-374d906baa4c
[35m[HTTP][39m [37m<-- POST /wd/hub/session/7b062854-1d1b-4cb7-8a00-374d906baa4c/elements [39m[32m200[39m [90m58 ms - 109[39m
[35m[HTTP][39m [90m[39m
[35m[HTTP][39m [37m-->[39m [37mGET[39m [37m/wd/hub/session/7b062854-1d1b-4cb7-8a00-374d906baa4c[39m
[35m[HTTP][39m [90m{}[39m
[35m[W3C][39m Driver proxy active, passing request on via HTTP proxy
[35m[JSONWP Proxy][39m Replacing sessionId b7f9326b8b2aff8253dd2b9a6a6a530c with 7b062854-1d1b-4cb7-8a00-374d906baa4c
[35m[HTTP][39m [37m<-- GET /wd/hub/session/7b062854-1d1b-4cb7-8a00-374d906baa4c [39m[32m200[39m [90m3 ms - 719[39m
[35m[HTTP][39m [90m[39m
[35m[HTTP][39m [37m-->[39m [37mGET[39m [37m/wd/hub/session/7b062854-1d1b-4cb7-8a00-374d906baa4c[39m
[35m[HTTP][39m [90m{}[39m
[35m[W3C][39m Driver proxy active, passing request on via HTTP proxy
[35m[JSONWP Proxy][39m Replacing sessionId b7f9326b8b2aff8253dd2b9a6a6a530c with 7b062854-1d1b-4cb7-8a00-374d906baa4c
[35m[HTTP][39m [37m<-- GET /wd/hub/session/7b062854-1d1b-4cb7-8a00-374d906baa4c [39m[32m200[39m [90m4 ms - 719[39m
[35m[HTTP][39m [90m[39m
[35m[HTTP][39m [37m-->[39m [37mGET[39m [37m/wd/hub/session/7b062854-1d1b-4cb7-8a00-374d906baa4c[39m
[35m[HTTP][39m [90m{}[39m
[35m[W3C][39m Driver proxy active, passing request on via HTTP proxy
[35m[JSONWP Proxy][39m Replacing sessionId b7f9326b8b2aff8253dd2b9a6a6a530c with 7b062854-1d1b-4cb7-8a00-374d906baa4c
[35m[HTTP][39m [37m<-- GET /wd/hub/session/7b062854-1d1b-4cb7-8a00-374d906baa4c [39m[32m200[39m [90m3 ms - 719[39m
[35m[HTTP][39m [90m[39m
[35m[HTTP][39m [37m-->[39m [37mGET[39m [37m/wd/hub/session/7b062854-1d1b-4cb7-8a00-374d906baa4c[39m
[35m[HTTP][39m [90m{}[39m
[35m[W3C][39m Driver proxy active, passing request on via HTTP proxy
[35m[JSONWP Proxy][39m Replacing sessionId b7f9326b8b2aff8253dd2b9a6a6a530c with 7b062854-1d1b-4cb7-8a00-374d906baa4c
[35m[HTTP][39m [37m<-- GET /wd/hub/session/7b062854-1d1b-4cb7-8a00-374d906baa4c [39m[32m200[39m [90m3 ms - 719[39m
[35m[HTTP][39m [90m[39m
[35m[HTTP][39m [37m-->[39m [37mGET[39m [37m/wd/hub/session/7b062854-1d1b-4cb7-8a00-374d906baa4c[39m
[35m[HTTP][39m [90m{}[39m
[35m[W3C][39m Driver proxy active, passing request on via HTTP proxy
[35m[JSONWP Proxy][39m Replacing sessionId b7f9326b8b2aff8253dd2b9a6a6a530c with 7b062854-1d1b-4cb7-8a00-374d906baa4c
[35m[HTTP][39m [37m<-- GET /wd/hub/session/7b062854-1d1b-4cb7-8a00-374d906baa4c [39m[32m200[39m [90m5 ms - 719[39m
[35m[HTTP][39m [90m[39m
[35m[HTTP][39m [37m-->[39m [37mGET[39m [37m/wd/hub/session/7b062854-1d1b-4cb7-8a00-374d906baa4c[39m
[35m[HTTP][39m [90m{}[39m
[35m[W3C][39m Driver proxy active, passing request on via HTTP proxy
[35m[JSONWP Proxy][39m Replacing sessionId b7f9326b8b2aff8253dd2b9a6a6a530c with 7b062854-1d1b-4cb7-8a00-374d906baa4c
[35m[HTTP][39m [37m<-- GET /wd/hub/session/7b062854-1d1b-4cb7-8a00-374d906baa4c [39m[32m200[39m [90m4 ms - 719[39m
[35m[HTTP][39m [90m[39m
[35m[HTTP][39m [37m-->[39m [37mPOST[39m [37m/wd/hub/session/7b062854-1d1b-4cb7-8a00-374d906baa4c/element/0.34709053160534076-3/click[39m
[35m[HTTP][39m [90m{"id":"0.34709053160534076-3"}[39m
[35m[W3C][39m Driver proxy active, passing request on via HTTP proxy
[35m[JSONWP Proxy][39m Replacing sessionId b7f9326b8b2aff8253dd2b9a6a6a530c with 7b062854-1d1b-4cb7-8a00-374d906baa4c
[35m[HTTP][39m [37m<-- POST /wd/hub/session/7b062854-1d1b-4cb7-8a00-374d906baa4c/element/0.34709053160534076-3/click [39m[32m200[39m [90m337 ms - 76[39m
[35m[HTTP][39m [90m[39m
[35m[HTTP][39m [37m-->[39m [37mPOST[39m [37m/wd/hub/session/7b062854-1d1b-4cb7-8a00-374d906baa4c/elements[39m
[35m[HTTP][39m [90m{"using":"css selector","value":"#app-cruise-search > section > div.cruise-search-container-external > div > div.modal-dropdown > span > div:nth-child(1) > header > button"}[39m
[35m[W3C][39m Driver proxy active, passing request on via HTTP proxy
[35m[JSONWP Proxy][39m Replacing sessionId b7f9326b8b2aff8253dd2b9a6a6a530c with 7b062854-1d1b-4cb7-8a00-374d906baa4c
[35m[HTTP][39m [37m<-- POST /wd/hub/session/7b062854-1d1b-4cb7-8a00-374d906baa4c/elements [39m[32m200[39m [90m101 ms - 109[39m
[35m[HTTP][39m [90m[39m
[35m[HTTP][39m [37m-->[39m [37mGET[39m [37m/wd/hub/session/7b062854-1d1b-4cb7-8a00-374d906baa4c[39m
[35m[HTTP][39m [90m{}[39m
[35m[W3C][39m Driver proxy active, passing request on via HTTP proxy
[35m[JSONWP Proxy][39m Replacing sessionId b7f9326b8b2aff8253dd2b9a6a6a530c with 7b062854-1d1b-4cb7-8a00-374d906baa4c
[35m[HTTP][39m [37m<-- GET /wd/hub/session/7b062854-1d1b-4cb7-8a00-374d906baa4c [39m[32m200[39m [90m5 ms - 719[39m
[35m[HTTP][39m [90m[39m
[35m[HTTP][39m [37m-->[39m [37mGET[39m [37m/wd/hub/session/7b062854-1d1b-4cb7-8a00-374d906baa4c[39m
[35m[HTTP][39m [90m{}[39m
[35m[W3C][39m Driver proxy active, passing request on via HTTP proxy
[35m[JSONWP Proxy][39m Replacing sessionId b7f9326b8b2aff8253dd2b9a6a6a530c with 7b062854-1d1b-4cb7-8a00-374d906baa4c
[35m[HTTP][39m [37m<-- GET /wd/hub/session/7b062854-1d1b-4cb7-8a00-374d906baa4c [39m[32m200[39m [90m5 ms - 719[39m
[35m[HTTP][39m [90m[39m
[35m[HTTP][39m [37m-->[39m [37mGET[39m [37m/wd/hub/session/7b062854-1d1b-4cb7-8a00-374d906baa4c[39m
[35m[HTTP][39m [90m{}[39m
[35m[W3C][39m Driver proxy active, passing request on via HTTP proxy
[35m[JSONWP Proxy][39m Replacing sessionId b7f9326b8b2aff8253dd2b9a6a6a530c with 7b062854-1d1b-4cb7-8a00-374d906baa4c
[35m[HTTP][39m [37m<-- GET /wd/hub/session/7b062854-1d1b-4cb7-8a00-374d906baa4c [39m[32m200[39m [90m12 ms - 719[39m
[35m[HTTP][39m [90m[39m
[35m[HTTP][39m [37m-->[39m [37mGET[39m [37m/wd/hub/session/7b062854-1d1b-4cb7-8a00-374d906baa4c[39m
[35m[HTTP][39m [90m{}[39m
[35m[W3C][39m Driver proxy active, passing request on via HTTP proxy
[35m[JSONWP Proxy][39m Replacing sessionId b7f9326b8b2aff8253dd2b9a6a6a530c with 7b062854-1d1b-4cb7-8a00-374d906baa4c
[35m[HTTP][39m [37m<-- GET /wd/hub/session/7b062854-1d1b-4cb7-8a00-374d906baa4c [39m[32m200[39m [90m5 ms - 719[39m
[35m[HTTP][39m [90m[39m
[35m[HTTP][39m [37m-->[39m [37mGET[39m [37m/wd/hub/session/7b062854-1d1b-4cb7-8a00-374d906baa4c[39m
[35m[HTTP][39m [90m{}[39m
[35m[W3C][39m Driver proxy active, passing request on via HTTP proxy
[35m[JSONWP Proxy][39m Replacing sessionId b7f9326b8b2aff8253dd2b9a6a6a530c with 7b062854-1d1b-4cb7-8a00-374d906baa4c
[35m[HTTP][39m [37m<-- GET /wd/hub/session/7b062854-1d1b-4cb7-8a00-374d906baa4c [39m[32m200[39m [90m8 ms - 719[39m
[35m[HTTP][39m [90m[39m
[35m[HTTP][39m [37m-->[39m [37mGET[39m [37m/wd/hub/session/7b062854-1d1b-4cb7-8a00-374d906baa4c[39m
[35m[HTTP][39m [90m{}[39m
[35m[W3C][39m Driver proxy active, passing request on via HTTP proxy
[35m[JSONWP Proxy][39m Replacing sessionId b7f9326b8b2aff8253dd2b9a6a6a530c with 7b062854-1d1b-4cb7-8a00-374d906baa4c
[35m[HTTP][39m [37m<-- GET /wd/hub/session/7b062854-1d1b-4cb7-8a00-374d906baa4c [39m[32m200[39m [90m8 ms - 719[39m
[35m[HTTP][39m [90m[39m
[35m[HTTP][39m [37m-->[39m [37mPOST[39m [37m/wd/hub/session/7b062854-1d1b-4cb7-8a00-374d906baa4c/element/0.34709053160534076-4/click[39m
[35m[HTTP][39m [90m{"id":"0.34709053160534076-4"}[39m
[35m[W3C][39m Driver proxy active, passing request on via HTTP proxy
[35m[JSONWP Proxy][39m Replacing sessionId b7f9326b8b2aff8253dd2b9a6a6a530c with 7b062854-1d1b-4cb7-8a00-374d906baa4c
[35m[HTTP][39m [37m<-- POST /wd/hub/session/7b062854-1d1b-4cb7-8a00-374d906baa4c/element/0.34709053160534076-4/click [39m[32m200[39m [90m440 ms - 76[39m
[35m[HTTP][39m [90m[39m
[35m[HTTP][39m [37m-->[39m [37mDELETE[39m [37m/wd/hub/session/7b062854-1d1b-4cb7-8a00-374d906baa4c[39m
[35m[HTTP][39m [90m{}[39m
[35m[Appium][39m Removing session 7b062854-1d1b-4cb7-8a00-374d906baa4c from our master session list
[35m[ADB][39m No uiautomator process found to kill, continuing...
[35m[HTTP][39m [37m<-- DELETE /wd/hub/session/7b062854-1d1b-4cb7-8a00-374d906baa4c [39m[32m200[39m [90m887 ms - 76[39m
[35m[HTTP][39m [90m[39m
